# JRE version: Java(TM) SE Runtime Environment (7.0_51-b13) (build 1.7.0_51-b13)
# Java VM: Java HotSpot(TM) 64-Bit Server VM (24.51-b03 mixed mode windows-amd64 compressed oops)
Heap
 PSYoungGen      total 140800K, used 18103K [0x00000000eaa80000, 0x00000000f3f80000, 0x0000000100000000)
  eden space 130560K, 6% used [0x00000000eaa80000,0x00000000eb22ef30,0x00000000f2a00000)
  from space 10240K, 99% used [0x00000000f3480000,0x00000000f3e7edf8,0x00000000f3e80000)
  to   space 10752K, 0% used [0x00000000f2a00000,0x00000000f2a00000,0x00000000f3480000)
 ParOldGen       total 86016K, used 30239K [0x00000000c0000000, 0x00000000c5400000, 0x00000000eaa80000)
  object space 86016K, 35% used [0x00000000c0000000,0x00000000c1d87e38,0x00000000c5400000)
 PSPermGen       total 34816K, used 34584K [0x00000000b0000000, 0x00000000b2200000, 0x00000000c0000000)
  object space 34816K, 99% used [0x00000000b0000000,0x00000000b21c6128,0x00000000b2200000)
GC Heap History (10 events):
Event: 6.493 GC heap before
{Heap before GC invocations=10 (full 0):
 PSYoungGen      total 141312K, used 135923K [0x00000000eaa80000, 0x00000000f3f80000, 0x0000000100000000)
  eden space 130560K, 100% used [0x00000000eaa80000,0x00000000f2a00000,0x00000000f2a00000)
  from space 10752K, 49% used [0x00000000f2a00000,0x00000000f2f3ced0,0x00000000f3480000)
  to   space 10240K, 0% used [0x00000000f3480000,0x00000000f3480000,0x00000000f3e80000)
 ParOldGen       total 86016K, used 13454K [0x00000000c0000000, 0x00000000c5400000, 0x00000000eaa80000)
  object space 86016K, 15% used [0x00000000c0000000,0x00000000c0d238e0,0x00000000c5400000)
 PSPermGen       total 24576K, used 24068K [0x00000000b0000000, 0x00000000b1800000, 0x00000000c0000000)
  object space 24576K, 97% used [0x00000000b0000000,0x00000000b1781098,0x00000000b1800000)
Event: 6.501 GC heap after
Heap after GC invocations=10 (full 0):
 PSYoungGen      total 140800K, used 6724K [0x00000000eaa80000, 0x00000000f3f80000, 0x0000000100000000)
  eden space 130560K, 0% used [0x00000000eaa80000,0x00000000eaa80000,0x00000000f2a00000)
  from space 10240K, 65% used [0x00000000f3480000,0x00000000f3b111f8,0x00000000f3e80000)
  to   space 10752K, 0% used [0x00000000f2a00000,0x00000000f2a00000,0x00000000f3480000)
 ParOldGen       total 86016K, used 14054K [0x00000000c0000000, 0x00000000c5400000, 0x00000000eaa80000)
  object space 86016K, 16% used [0x00000000c0000000,0x00000000c0db98e0,0x00000000c5400000)
 PSPermGen       total 24576K, used 24068K [0x00000000b0000000, 0x00000000b1800000, 0x00000000c0000000)
  object space 24576K, 97% used [0x00000000b0000000,0x00000000b1781098,0x00000000b1800000)
}
Event: 7.243 GC heap before
{Heap before GC invocations=11 (full 0):
 PSYoungGen      total 140800K, used 137284K [0x00000000eaa80000, 0x00000000f3f80000, 0x0000000100000000)
  eden space 130560K, 100% used [0x00000000eaa80000,0x00000000f2a00000,0x00000000f2a00000)
  from space 10240K, 65% used [0x00000000f3480000,0x00000000f3b111f8,0x00000000f3e80000)
  to   space 10752K, 0% used [0x00000000f2a00000,0x00000000f2a00000,0x00000000f3480000)
 ParOldGen       total 86016K, used 14054K [0x00000000c0000000, 0x00000000c5400000, 0x00000000eaa80000)
  object space 86016K, 16% used [0x00000000c0000000,0x00000000c0db98e0,0x00000000c5400000)
 PSPermGen       total 25600K, used 25205K [0x00000000b0000000, 0x00000000b1900000, 0x00000000c0000000)
  object space 25600K, 98% used [0x00000000b0000000,0x00000000b189d770,0x00000000b1900000)
Event: 7.251 GC heap after
Heap after GC invocations=11 (full 0):
 PSYoungGen      total 141312K, used 4633K [0x00000000eaa80000, 0x00000000f3f80000, 0x0000000100000000)
  eden space 130560K, 0% used [0x00000000eaa80000,0x00000000eaa80000,0x00000000f2a00000)
  from space 10752K, 43% used [0x00000000f2a00000,0x00000000f2e86690,0x00000000f3480000)
  to   space 10240K, 0% used [0x00000000f3480000,0x00000000f3480000,0x00000000f3e80000)
 ParOldGen       total 86016K, used 19581K [0x00000000c0000000, 0x00000000c5400000, 0x00000000eaa80000)
  object space 86016K, 22% used [0x00000000c0000000,0x00000000c131f600,0x00000000c5400000)
 PSPermGen       total 25600K, used 25205K [0x00000000b0000000, 0x00000000b1900000, 0x00000000c0000000)
  object space 25600K, 98% used [0x00000000b0000000,0x00000000b189d770,0x00000000b1900000)
}
Event: 8.219 GC heap before
{Heap before GC invocations=12 (full 0):
 PSYoungGen      total 141312K, used 135193K [0x00000000eaa80000, 0x00000000f3f80000, 0x0000000100000000)
  eden space 130560K, 100% used [0x00000000eaa80000,0x00000000f2a00000,0x00000000f2a00000)
  from space 10752K, 43% used [0x00000000f2a00000,0x00000000f2e86690,0x00000000f3480000)
  to   space 10240K, 0% used [0x00000000f3480000,0x00000000f3480000,0x00000000f3e80000)
 ParOldGen       total 86016K, used 19581K [0x00000000c0000000, 0x00000000c5400000, 0x00000000eaa80000)
  object space 86016K, 22% used [0x00000000c0000000,0x00000000c131f600,0x00000000c5400000)
 PSPermGen       total 29184K, used 28755K [0x00000000b0000000, 0x00000000b1c80000, 0x00000000c0000000)
  object space 29184K, 98% used [0x00000000b0000000,0x00000000b1c14f90,0x00000000b1c80000)
Event: 8.226 GC heap after
Heap after GC invocations=12 (full 0):
 PSYoungGen      total 140800K, used 4930K [0x00000000eaa80000, 0x00000000f3f80000, 0x0000000100000000)
  eden space 130560K, 0% used [0x00000000eaa80000,0x00000000eaa80000,0x00000000f2a00000)
  from space 10240K, 48% used [0x00000000f3480000,0x00000000f3950a48,0x00000000f3e80000)
  to   space 10752K, 0% used [0x00000000f2a00000,0x00000000f2a00000,0x00000000f3480000)
 ParOldGen       total 86016K, used 23477K [0x00000000c0000000, 0x00000000c5400000, 0x00000000eaa80000)
  object space 86016K, 27% used [0x00000000c0000000,0x00000000c16ed778,0x00000000c5400000)
 PSPermGen       total 29184K, used 28755K [0x00000000b0000000, 0x00000000b1c80000, 0x00000000c0000000)
  object space 29184K, 98% used [0x00000000b0000000,0x00000000b1c14f90,0x00000000b1c80000)
}
Event: 8.848 GC heap before
{Heap before GC invocations=13 (full 0):
 PSYoungGen      total 140800K, used 135490K [0x00000000eaa80000, 0x00000000f3f80000, 0x0000000100000000)
  eden space 130560K, 100% used [0x00000000eaa80000,0x00000000f2a00000,0x00000000f2a00000)
  from space 10240K, 48% used [0x00000000f3480000,0x00000000f3950a48,0x00000000f3e80000)
  to   space 10752K, 0% used [0x00000000f2a00000,0x00000000f2a00000,0x00000000f3480000)
 ParOldGen       total 86016K, used 23477K [0x00000000c0000000, 0x00000000c5400000, 0x00000000eaa80000)
  object space 86016K, 27% used [0x00000000c0000000,0x00000000c16ed778,0x00000000c5400000)
 PSPermGen       total 29184K, used 28934K [0x00000000b0000000, 0x00000000b1c80000, 0x00000000c0000000)
  object space 29184K, 99% used [0x00000000b0000000,0x00000000b1c41a68,0x00000000b1c80000)
Event: 8.852 GC heap after
Heap after GC invocations=13 (full 0):
 PSYoungGen      total 141312K, used 2368K [0x00000000eaa80000, 0x00000000f3f80000, 0x0000000100000000)
  eden space 130560K, 0% used [0x00000000eaa80000,0x00000000eaa80000,0x00000000f2a00000)
  from space 10752K, 22% used [0x00000000f2a00000,0x00000000f2c50020,0x00000000f3480000)
  to   space 10240K, 0% used [0x00000000f3480000,0x00000000f3480000,0x00000000f3e80000)
 ParOldGen       total 86016K, used 25834K [0x00000000c0000000, 0x00000000c5400000, 0x00000000eaa80000)
  object space 86016K, 30% used [0x00000000c0000000,0x00000000c193a930,0x00000000c5400000)
 PSPermGen       total 29184K, used 28934K [0x00000000b0000000, 0x00000000b1c80000, 0x00000000c0000000)
  object space 29184K, 99% used [0x00000000b0000000,0x00000000b1c41a68,0x00000000b1c80000)
}
Event: 10.158 GC heap before
{Heap before GC invocations=14 (full 0):
 PSYoungGen      total 141312K, used 132928K [0x00000000eaa80000, 0x00000000f3f80000, 0x0000000100000000)
  eden space 130560K, 100% used [0x00000000eaa80000,0x00000000f2a00000,0x00000000f2a00000)
  from space 10752K, 22% used [0x00000000f2a00000,0x00000000f2c50020,0x00000000f3480000)
  to   space 10240K, 0% used [0x00000000f3480000,0x00000000f3480000,0x00000000f3e80000)
 ParOldGen       total 86016K, used 25834K [0x00000000c0000000, 0x00000000c5400000, 0x00000000eaa80000)
  object space 86016K, 30% used [0x00000000c0000000,0x00000000c193a930,0x00000000c5400000)
 PSPermGen       total 34304K, used 33849K [0x00000000b0000000, 0x00000000b2180000, 0x00000000c0000000)
  object space 34304K, 98% used [0x00000000b0000000,0x00000000b210e5c0,0x00000000b2180000)
Event: 10.173 GC heap after
Heap after GC invocations=14 (full 0):
 PSYoungGen      total 140800K, used 10235K [0x00000000eaa80000, 0x00000000f3f80000, 0x0000000100000000)
  eden space 130560K, 0% used [0x00000000eaa80000,0x00000000eaa80000,0x00000000f2a00000)
  from space 10240K, 99% used [0x00000000f3480000,0x00000000f3e7edf8,0x00000000f3e80000)
  to   space 10752K, 0% used [0x00000000f2a00000,0x00000000f2a00000,0x00000000f3480000)
 ParOldGen       total 86016K, used 30239K [0x00000000c0000000, 0x00000000c5400000, 0x00000000eaa80000)
  object space 86016K, 35% used [0x00000000c0000000,0x00000000c1d87e38,0x00000000c5400000)
 PSPermGen       total 34304K, used 33849K [0x00000000b0000000, 0x00000000b2180000, 0x00000000c0000000)
  object space 34304K, 98% used [0x00000000b0000000,0x00000000b210e5c0,0x00000000b2180000)
}

