# JRE version: Java(TM) SE Runtime Environment (7.0_51-b13) (build 1.7.0_51-b13)
# Java VM: Java HotSpot(TM) 64-Bit Server VM (24.51-b03 mixed mode windows-amd64 compressed oops)
Heap
 PSYoungGen      total 141312K, used 121395K [0x00000000eaa80000, 0x00000000f3f80000, 0x0000000100000000)
  eden space 130560K, 88% used [0x00000000eaa80000,0x00000000f1adfe10,0x00000000f2a00000)
  from space 10752K, 58% used [0x00000000f2a00000,0x00000000f302d088,0x00000000f3480000)
  to   space 10240K, 0% used [0x00000000f3480000,0x00000000f3480000,0x00000000f3e80000)
 ParOldGen       total 86016K, used 13539K [0x00000000c0000000, 0x00000000c5400000, 0x00000000eaa80000)
  object space 86016K, 15% used [0x00000000c0000000,0x00000000c0d38ce0,0x00000000c5400000)
 PSPermGen       total 31744K, used 31604K [0x00000000b0000000, 0x00000000b1f00000, 0x00000000c0000000)
  object space 31744K, 99% used [0x00000000b0000000,0x00000000b1edd260,0x00000000b1f00000)
GC Heap History (10 events):
Event: 3.555 GC heap before
{Heap before GC invocations=5 (full 0):
 PSYoungGen      total 37888K, used 37864K [0x00000000eaa80000, 0x00000000ed480000, 0x0000000100000000)
  eden space 32768K, 100% used [0x00000000eaa80000,0x00000000eca80000,0x00000000eca80000)
  from space 5120K, 99% used [0x00000000ecf80000,0x00000000ed47a100,0x00000000ed480000)
  to   space 5120K, 0% used [0x00000000eca80000,0x00000000eca80000,0x00000000ecf80000)
 ParOldGen       total 86016K, used 8057K [0x00000000c0000000, 0x00000000c5400000, 0x00000000eaa80000)
  object space 86016K, 9% used [0x00000000c0000000,0x00000000c07de6f8,0x00000000c5400000)
 PSPermGen       total 21504K, used 20511K [0x00000000b0000000, 0x00000000b1500000, 0x00000000c0000000)
  object space 21504K, 95% used [0x00000000b0000000,0x00000000b1407d28,0x00000000b1500000)
Event: 3.560 GC heap after
Heap after GC invocations=5 (full 0):
 PSYoungGen      total 37888K, used 5112K [0x00000000eaa80000, 0x00000000efd80000, 0x0000000100000000)
  eden space 32768K, 0% used [0x00000000eaa80000,0x00000000eaa80000,0x00000000eca80000)
  from space 5120K, 99% used [0x00000000eca80000,0x00000000ecf7e0f0,0x00000000ecf80000)
  to   space 9728K, 0% used [0x00000000ef400000,0x00000000ef400000,0x00000000efd80000)
 ParOldGen       total 86016K, used 8249K [0x00000000c0000000, 0x00000000c5400000, 0x00000000eaa80000)
  object space 86016K, 9% used [0x00000000c0000000,0x00000000c080e6f8,0x00000000c5400000)
 PSPermGen       total 21504K, used 20511K [0x00000000b0000000, 0x00000000b1500000, 0x00000000c0000000)
  object space 21504K, 95% used [0x00000000b0000000,0x00000000b1407d28,0x00000000b1500000)
}
Event: 3.668 GC heap before
{Heap before GC invocations=6 (full 0):
 PSYoungGen      total 37888K, used 37880K [0x00000000eaa80000, 0x00000000efd80000, 0x0000000100000000)
  eden space 32768K, 100% used [0x00000000eaa80000,0x00000000eca80000,0x00000000eca80000)
  from space 5120K, 99% used [0x00000000eca80000,0x00000000ecf7e0f0,0x00000000ecf80000)
  to   space 9728K, 0% used [0x00000000ef400000,0x00000000ef400000,0x00000000efd80000)
 ParOldGen       total 86016K, used 8249K [0x00000000c0000000, 0x00000000c5400000, 0x00000000eaa80000)
  object space 86016K, 9% used [0x00000000c0000000,0x00000000c080e6f8,0x00000000c5400000)
 PSPermGen       total 21504K, used 20515K [0x00000000b0000000, 0x00000000b1500000, 0x00000000c0000000)
  object space 21504K, 95% used [0x00000000b0000000,0x00000000b1408d18,0x00000000b1500000)
Event: 3.675 GC heap after
Heap after GC invocations=6 (full 0):
 PSYoungGen      total 75264K, used 5432K [0x00000000eaa80000, 0x00000000efd80000, 0x0000000100000000)
  eden space 65536K, 0% used [0x00000000eaa80000,0x00000000eaa80000,0x00000000eea80000)
  from space 9728K, 55% used [0x00000000ef400000,0x00000000ef94e0d0,0x00000000efd80000)
  to   space 9728K, 0% used [0x00000000eea80000,0x00000000eea80000,0x00000000ef400000)
 ParOldGen       total 86016K, used 8249K [0x00000000c0000000, 0x00000000c5400000, 0x00000000eaa80000)
  object space 86016K, 9% used [0x00000000c0000000,0x00000000c080e6f8,0x00000000c5400000)
 PSPermGen       total 21504K, used 20515K [0x00000000b0000000, 0x00000000b1500000, 0x00000000c0000000)
  object space 21504K, 95% used [0x00000000b0000000,0x00000000b1408d18,0x00000000b1500000)
}
Event: 3.899 GC heap before
{Heap before GC invocations=7 (full 0):
 PSYoungGen      total 75264K, used 70968K [0x00000000eaa80000, 0x00000000efd80000, 0x0000000100000000)
  eden space 65536K, 100% used [0x00000000eaa80000,0x00000000eea80000,0x00000000eea80000)
  from space 9728K, 55% used [0x00000000ef400000,0x00000000ef94e0d0,0x00000000efd80000)
  to   space 9728K, 0% used [0x00000000eea80000,0x00000000eea80000,0x00000000ef400000)
 ParOldGen       total 86016K, used 8249K [0x00000000c0000000, 0x00000000c5400000, 0x00000000eaa80000)
  object space 86016K, 9% used [0x00000000c0000000,0x00000000c080e6f8,0x00000000c5400000)
 PSPermGen       total 21504K, used 20536K [0x00000000b0000000, 0x00000000b1500000, 0x00000000c0000000)
  object space 21504K, 95% used [0x00000000b0000000,0x00000000b140e1e0,0x00000000b1500000)
Event: 3.906 GC heap after
Heap after GC invocations=7 (full 0):
 PSYoungGen      total 75264K, used 3268K [0x00000000eaa80000, 0x00000000f3e80000, 0x0000000100000000)
  eden space 65536K, 0% used [0x00000000eaa80000,0x00000000eaa80000,0x00000000eea80000)
  from space 9728K, 33% used [0x00000000eea80000,0x00000000eedb10e0,0x00000000ef400000)
  to   space 10240K, 0% used [0x00000000f3480000,0x00000000f3480000,0x00000000f3e80000)
 ParOldGen       total 86016K, used 10835K [0x00000000c0000000, 0x00000000c5400000, 0x00000000eaa80000)
  object space 86016K, 12% used [0x00000000c0000000,0x00000000c0a94df8,0x00000000c5400000)
 PSPermGen       total 21504K, used 20536K [0x00000000b0000000, 0x00000000b1500000, 0x00000000c0000000)
  object space 21504K, 95% used [0x00000000b0000000,0x00000000b140e1e0,0x00000000b1500000)
}
Event: 4.098 GC heap before
{Heap before GC invocations=8 (full 0):
 PSYoungGen      total 75264K, used 68804K [0x00000000eaa80000, 0x00000000f3e80000, 0x0000000100000000)
  eden space 65536K, 100% used [0x00000000eaa80000,0x00000000eea80000,0x00000000eea80000)
  from space 9728K, 33% used [0x00000000eea80000,0x00000000eedb10e0,0x00000000ef400000)
  to   space 10240K, 0% used [0x00000000f3480000,0x00000000f3480000,0x00000000f3e80000)
 ParOldGen       total 86016K, used 10835K [0x00000000c0000000, 0x00000000c5400000, 0x00000000eaa80000)
  object space 86016K, 12% used [0x00000000c0000000,0x00000000c0a94df8,0x00000000c5400000)
 PSPermGen       total 21504K, used 20544K [0x00000000b0000000, 0x00000000b1500000, 0x00000000c0000000)
  object space 21504K, 95% used [0x00000000b0000000,0x00000000b14101a0,0x00000000b1500000)
Event: 4.102 GC heap after
Heap after GC invocations=8 (full 0):
 PSYoungGen      total 140800K, used 1072K [0x00000000eaa80000, 0x00000000f3f80000, 0x0000000100000000)
  eden space 130560K, 0% used [0x00000000eaa80000,0x00000000eaa80000,0x00000000f2a00000)
  from space 10240K, 10% used [0x00000000f3480000,0x00000000f358c010,0x00000000f3e80000)
  to   space 10752K, 0% used [0x00000000f2a00000,0x00000000f2a00000,0x00000000f3480000)
 ParOldGen       total 86016K, used 13195K [0x00000000c0000000, 0x00000000c5400000, 0x00000000eaa80000)
  object space 86016K, 15% used [0x00000000c0000000,0x00000000c0ce2ce0,0x00000000c5400000)
 PSPermGen       total 21504K, used 20544K [0x00000000b0000000, 0x00000000b1500000, 0x00000000c0000000)
  object space 21504K, 95% used [0x00000000b0000000,0x00000000b14101a0,0x00000000b1500000)
}
Event: 4.983 GC heap before
{Heap before GC invocations=9 (full 0):
 PSYoungGen      total 140800K, used 131632K [0x00000000eaa80000, 0x00000000f3f80000, 0x0000000100000000)
  eden space 130560K, 100% used [0x00000000eaa80000,0x00000000f2a00000,0x00000000f2a00000)
  from space 10240K, 10% used [0x00000000f3480000,0x00000000f358c010,0x00000000f3e80000)
  to   space 10752K, 0% used [0x00000000f2a00000,0x00000000f2a00000,0x00000000f3480000)
 ParOldGen       total 86016K, used 13195K [0x00000000c0000000, 0x00000000c5400000, 0x00000000eaa80000)
  object space 86016K, 15% used [0x00000000c0000000,0x00000000c0ce2ce0,0x00000000c5400000)
 PSPermGen       total 23552K, used 23435K [0x00000000b0000000, 0x00000000b1700000, 0x00000000c0000000)
  object space 23552K, 99% used [0x00000000b0000000,0x00000000b16e2d28,0x00000000b1700000)
Event: 4.989 GC heap after
Heap after GC invocations=9 (full 0):
 PSYoungGen      total 141312K, used 6324K [0x00000000eaa80000, 0x00000000f3f80000, 0x0000000100000000)
  eden space 130560K, 0% used [0x00000000eaa80000,0x00000000eaa80000,0x00000000f2a00000)
  from space 10752K, 58% used [0x00000000f2a00000,0x00000000f302d088,0x00000000f3480000)
  to   space 10240K, 0% used [0x00000000f3480000,0x00000000f3480000,0x00000000f3e80000)
 ParOldGen       total 86016K, used 13539K [0x00000000c0000000, 0x00000000c5400000, 0x00000000eaa80000)
  object space 86016K, 15% used [0x00000000c0000000,0x00000000c0d38ce0,0x00000000c5400000)
 PSPermGen       total 23552K, used 23435K [0x00000000b0000000, 0x00000000b1700000, 0x00000000c0000000)
  object space 23552K, 99% used [0x00000000b0000000,0x00000000b16e2d28,0x00000000b1700000)
}

